{"level":"info","message":"GET /login.html?email=msayev02%40gmail.com&password=bebra 200 7.493 ms - 1294","service":"user-service","timestamp":"2026-06-24 20:46:18"}
{"level":"info","message":"GET /globals.css 304 2.511 ms - -","service":"user-service","timestamp":"2026-06-24 20:46:18"}
{"level":"info","message":"GET /login.js 304 4.508 ms - -","service":"user-service","timestamp":"2026-06-24 20:46:18"}
{"level":"info","message":"GET /auth 404 12.659 ms - 143","service":"user-service","timestamp":"2026-06-24 20:46:18"}
{"level":"info","message":"POST /api/v1/auth/refresh 401 4.115 ms - 1101","service":"user-service","timestamp":"2026-06-24 21:14:16"}
{"level":"info","message":"POST /api/v1/auth/refresh 401 0.926 ms - 1101","service":"user-service","timestamp":"2026-06-24 21:14:16"}
{"level":"info","message":"POST /api/v1/auth/refresh 401 0.846 ms - 1101","service":"user-service","timestamp":"2026-06-24 21:14:16"}
{"level":"info","message":"POST /api/v1/auth/refresh 401 0.714 ms - 1101","service":"user-service","timestamp":"2026-06-24 21:14:16"}
{"level":"info","message":"POST /api/v1/auth/refresh 401 0.533 ms - 1101","service":"user-service","timestamp":"2026-06-24 21:14:16"}
{"level":"info","message":"POST /api/v1/auth/refresh 401 0.598 ms - 1101","service":"user-service","timestamp":"2026-06-24 21:14:16"}
{"level":"info","message":"POST /api/v1/auth/refresh 401 0.757 ms - 1101","service":"user-service","timestamp":"2026-06-24 21:14:16"}
{"level":"info","message":"POST /api/v1/auth/refresh 401 0.675 ms - 1101","service":"user-service","timestamp":"2026-06-24 21:14:16"}
{"level":"info","message":"POST /api/v1/auth/refresh 401 0.604 ms - 1101","service":"user-service","timestamp":"2026-06-24 21:14:16"}
{"level":"info","message":"POST /api/v1/auth/refresh 401 0.743 ms - 1101","service":"user-service","timestamp":"2026-06-24 21:14:16"}
{"level":"info","message":"POST /api/v1/auth/refresh 401 0.508 ms - 1101","service":"user-service","timestamp":"2026-06-24 21:14:16"}
{"level":"info","message":"POST /api/v1/auth/refresh 401 0.533 ms - 1101","service":"user-service","timestamp":"2026-06-24 21:14:16"}
{"level":"info","message":"POST /api/v1/auth/refresh 401 0.709 ms - 1101","service":"user-service","timestamp":"2026-06-24 21:14:16"}
{"level":"info","message":"POST /api/v1/auth/refresh 401 0.520 ms - 1101","service":"user-service","timestamp":"2026-06-24 21:14:16"}
{"level":"info","message":"POST /api/v1/auth/refresh 401 0.501 ms - 1101","service":"user-service","timestamp":"2026-06-24 21:14:16"}
{"level":"info","message":"POST /api/v1/auth/refresh 401 0.546 ms - 1101","service":"user-service","timestamp":"2026-06-24 21:14:16"}
{"level":"info","message":"POST /api/v1/auth/refresh 401 0.531 ms - 1101","service":"user-service","timestamp":"2026-06-24 21:14:16"}
{"level":"info","message":"POST /api/v1/auth/refresh 401 0.488 ms - 1101","service":"user-service","timestamp":"2026-06-24 21:14:16"}
{"level":"info","message":"POST /api/v1/auth/refresh 401 0.506 ms - 1101","service":"user-service","timestamp":"2026-06-24 21:14:16"}
{"level":"info","message":"POST /api/v1/auth/refresh 401 0.728 ms - 1101","service":"user-service","timestamp":"2026-06-24 21:14:16"}
{"level":"info","message":"POST /api/v1/auth/refresh 401 0.590 ms - 1101","service":"user-service","timestamp":"2026-06-24 21:14:16"}
{"level":"info","message":"POST /api/v1/auth/refresh 401 0.925 ms - 1101","service":"user-service","timestamp":"2026-06-24 21:14:16"}
{"level":"info","message":"POST /api/v1/auth/refresh 401 0.454 ms - 1101","service":"user-service","timestamp":"2026-06-24 21:14:16"}
{"level":"info","message":"POST /api/v1/auth/refresh 401 0.591 ms - 1101","service":"user-service","timestamp":"2026-06-24 21:14:16"}
{"level":"info","message":"POST /api/v1/auth/refresh 401 0.607 ms - 1101","service":"user-service","timestamp":"2026-06-24 21:14:17"}
{"level":"info","message":"POST /api/v1/auth/refresh 401 0.648 ms - 1101","service":"user-service","timestamp":"2026-06-24 21:14:17"}
{"level":"info","message":"POST /api/v1/auth/refresh 401 0.594 ms - 1101","service":"user-service","timestamp":"2026-06-24 21:14:17"}
{"level":"info","message":"POST /api/v1/auth/refresh 401 0.565 ms - 1101","service":"user-service","timestamp":"2026-06-24 21:14:17"}
{"level":"info","message":"POST /api/v1/auth/refresh 401 1.015 ms - 1101","service":"user-service","timestamp":"2026-06-24 21:14:17"}
{"level":"info","message":"POST /api/v1/auth/refresh 401 0.616 ms - 1101","service":"user-service","timestamp":"2026-06-24 21:14:17"}
{"level":"info","message":"POST /api/v1/auth/refresh 401 0.661 ms - 1101","service":"user-service","timestamp":"2026-06-24 21:14:17"}
{"level":"info","message":"POST /api/v1/auth/refresh 401 0.566 ms - 1101","service":"user-service","timestamp":"2026-06-24 21:14:17"}
{"level":"info","message":"POST /api/v1/auth/refresh 401 0.429 ms - 1101","service":"user-service","timestamp":"2026-06-24 21:14:17"}
{"level":"info","message":"POST /api/v1/auth/refresh 401 0.644 ms - 1101","service":"user-service","timestamp":"2026-06-24 21:14:17"}
{"level":"info","message":"POST /api/v1/auth/refresh 401 0.546 ms - 1101","service":"user-service","timestamp":"2026-06-24 21:14:17"}
{"level":"info","message":"POST /api/v1/auth/refresh 401 0.500 ms - 1101","service":"user-service","timestamp":"2026-06-24 21:14:17"}
{"level":"info","message":"POST /api/v1/auth/refresh 401 0.524 ms - 1101","service":"user-service","timestamp":"2026-06-24 21:14:17"}
{"level":"info","message":"POST /api/v1/auth/refresh 401 0.575 ms - 1101","service":"user-service","timestamp":"2026-06-24 21:14:17"}
{"level":"info","message":"POST /api/v1/auth/refresh 401 0.493 ms - 1101","service":"user-service","timestamp":"2026-06-24 21:14:17"}
{"level":"info","message":"POST /api/v1/auth/refresh 401 0.709 ms - 1101","service":"user-service","timestamp":"2026-06-24 21:14:17"}
{"level":"info","message":"POST /api/v1/auth/refresh 401 0.541 ms - 1101","service":"user-service","timestamp":"2026-06-24 21:14:17"}
{"level":"info","message":"POST /api/v1/auth/refresh 401 0.516 ms - 1101","service":"user-service","timestamp":"2026-06-24 21:14:17"}
{"level":"info","message":"POST /api/v1/auth/refresh 401 0.447 ms - 1101","service":"user-service","timestamp":"2026-06-24 21:14:17"}
{"level":"info","message":"POST /api/v1/auth/refresh 401 0.530 ms - 1101","service":"user-service","timestamp":"2026-06-24 21:14:17"}
{"level":"info","message":"POST /api/v1/auth/refresh 401 0.608 ms - 1101","service":"user-service","timestamp":"2026-06-24 21:14:17"}
{"level":"info","message":"POST /api/v1/auth/refresh 401 0.430 ms - 1101","service":"user-service","timestamp":"2026-06-24 21:14:17"}
{"level":"info","message":"POST /api/v1/auth/refresh 401 0.421 ms - 1101","service":"user-service","timestamp":"2026-06-24 21:14:17"}
{"level":"info","message":"POST /api/v1/auth/refresh 401 0.525 ms - 1101","service":"user-service","timestamp":"2026-06-24 21:14:17"}
{"level":"info","message":"POST /api/v1/auth/refresh 401 0.690 ms - 1101","service":"user-service","timestamp":"2026-06-24 21:14:17"}
{"level":"info","message":"POST /api/v1/auth/refresh 401 0.535 ms - 1101","service":"user-service","timestamp":"2026-06-24 21:14:17"}
{"level":"info","message":"POST /api/v1/auth/refresh 401 0.682 ms - 1101","service":"user-service","timestamp":"2026-06-24 21:14:17"}
{"level":"info","message":"POST /api/v1/auth/refresh 401 0.744 ms - 1101","service":"user-service","timestamp":"2026-06-24 21:14:17"}
{"level":"info","message":"POST /api/v1/auth/refresh 401 0.494 ms - 1101","service":"user-service","timestamp":"2026-06-24 21:14:17"}
{"level":"info","message":"POST /api/v1/auth/refresh 401 0.620 ms - 1101","service":"user-service","timestamp":"2026-06-24 21:14:18"}
{"level":"info","message":"POST /api/v1/auth/refresh 401 0.484 ms - 1101","service":"user-service","timestamp":"2026-06-24 21:14:18"}
{"level":"info","message":"POST /api/v1/auth/refresh 401 0.441 ms - 1101","service":"user-service","timestamp":"2026-06-24 21:14:18"}
{"level":"info","message":"POST /api/v1/auth/refresh 401 0.512 ms - 1101","service":"user-service","timestamp":"2026-06-24 21:14:18"}
{"level":"info","message":"POST /api/v1/auth/refresh 401 0.486 ms - 1101","service":"user-service","timestamp":"2026-06-24 21:14:18"}
{"level":"info","message":"POST /api/v1/auth/refresh 401 0.426 ms - 1101","service":"user-service","timestamp":"2026-06-24 21:14:18"}
{"level":"info","message":"POST /api/v1/auth/refresh 401 0.485 ms - 1101","service":"user-service","timestamp":"2026-06-24 21:14:18"}
{"level":"info","message":"POST /api/v1/auth/refresh 401 0.550 ms - 1101","service":"user-service","timestamp":"2026-06-24 21:14:18"}
{"level":"info","message":"POST /api/v1/auth/refresh 401 0.453 ms - 1101","service":"user-service","timestamp":"2026-06-24 21:14:18"}
{"level":"info","message":"POST /api/v1/auth/refresh 401 0.454 ms - 1101","service":"user-service","timestamp":"2026-06-24 21:14:18"}
{"level":"info","message":"POST /api/v1/auth/refresh 401 0.436 ms - 1101","service":"user-service","timestamp":"2026-06-24 21:14:18"}
{"level":"info","message":"POST /api/v1/auth/refresh 401 0.628 ms - 1101","service":"user-service","timestamp":"2026-06-24 21:14:18"}
{"level":"info","message":"POST /api/v1/auth/refresh 401 0.501 ms - 1101","service":"user-service","timestamp":"2026-06-24 21:14:18"}
{"level":"info","message":"POST /api/v1/auth/refresh 401 0.603 ms - 1101","service":"user-service","timestamp":"2026-06-24 21:14:18"}
{"level":"info","message":"POST /api/v1/auth/refresh 401 0.702 ms - 1101","service":"user-service","timestamp":"2026-06-24 21:14:18"}
{"level":"info","message":"POST /api/v1/auth/refresh 401 0.674 ms - 1101","service":"user-service","timestamp":"2026-06-24 21:14:18"}
{"level":"info","message":"POST /api/v1/auth/refresh 401 0.547 ms - 1101","service":"user-service","timestamp":"2026-06-24 21:14:18"}
{"level":"info","message":"POST /api/v1/auth/refresh 401 0.636 ms - 1101","service":"user-service","timestamp":"2026-06-24 21:14:18"}
{"level":"info","message":"POST /api/v1/auth/refresh 401 0.844 ms - 1101","service":"user-service","timestamp":"2026-06-24 21:14:18"}
{"level":"info","message":"POST /api/v1/auth/refresh 401 0.567 ms - 1101","service":"user-service","timestamp":"2026-06-24 21:14:18"}
{"level":"info","message":"POST /api/v1/auth/refresh 401 0.526 ms - 1101","service":"user-service","timestamp":"2026-06-24 21:14:18"}
{"level":"info","message":"POST /api/v1/auth/refresh 401 0.631 ms - 1101","service":"user-service","timestamp":"2026-06-24 21:14:18"}
{"level":"info","message":"POST /api/v1/auth/refresh 401 0.523 ms - 1101","service":"user-service","timestamp":"2026-06-24 21:14:18"}
{"level":"info","message":"POST /api/v1/auth/refresh 401 0.509 ms - 1101","service":"user-service","timestamp":"2026-06-24 21:14:18"}
{"level":"info","message":"POST /api/v1/auth/refresh 401 0.470 ms - 1101","service":"user-service","timestamp":"2026-06-24 21:14:18"}
{"level":"info","message":"POST /api/v1/auth/refresh 401 0.542 ms - 1101","service":"user-service","timestamp":"2026-06-24 21:14:18"}
{"level":"info","message":"POST /api/v1/auth/refresh 401 0.585 ms - 1101","service":"user-service","timestamp":"2026-06-24 21:14:18"}
{"level":"info","message":"POST /api/v1/auth/refresh 401 0.732 ms - 1101","service":"user-service","timestamp":"2026-06-24 21:14:18"}
{"level":"info","message":"POST /api/v1/auth/refresh 401 0.524 ms - 1101","service":"user-service","timestamp":"2026-06-24 21:14:18"}
{"level":"info","message":"POST /api/v1/auth/refresh 401 0.567 ms - 1101","service":"user-service","timestamp":"2026-06-24 21:14:18"}
{"level":"info","message":"POST /api/v1/auth/refresh 401 0.476 ms - 1101","service":"user-service","timestamp":"2026-06-24 21:14:18"}
{"level":"info","message":"POST /api/v1/auth/refresh 401 0.737 ms - 1101","service":"user-service","timestamp":"2026-06-24 21:14:19"}
{"level":"info","message":"POST /api/v1/auth/refresh 401 0.466 ms - 1101","service":"user-service","timestamp":"2026-06-24 21:14:19"}
{"level":"info","message":"POST /api/v1/auth/refresh 401 0.431 ms - 1101","service":"user-service","timestamp":"2026-06-24 21:14:19"}
{"level":"info","message":"POST /api/v1/auth/refresh 401 0.741 ms - 1101","service":"user-service","timestamp":"2026-06-24 21:14:19"}
{"level":"info","message":"POST /api/v1/auth/refresh 401 0.405 ms - 1101","service":"user-service","timestamp":"2026-06-24 21:14:19"}
{"level":"info","message":"POST /api/v1/auth/refresh 401 0.590 ms - 1101","service":"user-service","timestamp":"2026-06-24 21:14:19"}
{"level":"info","message":"POST /api/v1/auth/refresh 401 0.392 ms - 1101","service":"user-service","timestamp":"2026-06-24 21:14:19"}
{"level":"info","message":"POST /api/v1/auth/refresh 401 0.597 ms - 1101","service":"user-service","timestamp":"2026-06-24 21:14:19"}
{"level":"info","message":"POST /api/v1/auth/refresh 401 0.482 ms - 1101","service":"user-service","timestamp":"2026-06-24 21:14:19"}
{"level":"info","message":"POST /api/v1/auth/refresh 401 0.470 ms - 1101","service":"user-service","timestamp":"2026-06-24 21:14:19"}
{"level":"info","message":"POST /api/v1/auth/refresh 401 0.482 ms - 1101","service":"user-service","timestamp":"2026-06-24 21:14:19"}
{"level":"info","message":"POST /api/v1/auth/refresh 401 0.560 ms - 1101","service":"user-service","timestamp":"2026-06-24 21:14:19"}
{"level":"info","message":"POST /api/v1/auth/refresh 401 0.451 ms - 1101","service":"user-service","timestamp":"2026-06-24 21:14:19"}
{"level":"info","message":"POST /api/v1/auth/refresh 401 0.441 ms - 1101","service":"user-service","timestamp":"2026-06-24 21:14:19"}
{"level":"info","message":"POST /api/v1/auth/refresh 401 0.606 ms - 1101","service":"user-service","timestamp":"2026-06-24 21:14:19"}
{"level":"info","message":"POST /api/v1/auth/refresh 401 0.459 ms - 1101","service":"user-service","timestamp":"2026-06-24 21:14:19"}
{"level":"info","message":"POST /api/v1/auth/refresh 401 0.552 ms - 1101","service":"user-service","timestamp":"2026-06-24 21:14:19"}
{"level":"info","message":"POST /api/v1/auth/refresh 401 0.559 ms - 1101","service":"user-service","timestamp":"2026-06-24 21:14:19"}
{"level":"info","message":"POST /api/v1/auth/refresh 401 0.631 ms - 1101","service":"user-service","timestamp":"2026-06-24 21:14:19"}
{"level":"info","message":"POST /api/v1/auth/refresh 401 0.486 ms - 1101","service":"user-service","timestamp":"2026-06-24 21:14:19"}
{"level":"info","message":"POST /api/v1/auth/refresh 401 0.654 ms - 1101","service":"user-service","timestamp":"2026-06-24 21:14:19"}
{"level":"info","message":"POST /api/v1/auth/refresh 401 0.692 ms - 1101","service":"user-service","timestamp":"2026-06-24 21:14:19"}
{"level":"info","message":"POST /api/v1/auth/refresh 401 0.538 ms - 1101","service":"user-service","timestamp":"2026-06-24 21:14:19"}
{"level":"info","message":"POST /api/v1/auth/refresh 401 0.516 ms - 1101","service":"user-service","timestamp":"2026-06-24 21:14:19"}
{"level":"info","message":"POST /api/v1/auth/refresh 401 0.700 ms - 1101","service":"user-service","timestamp":"2026-06-24 21:14:19"}
{"level":"info","message":"POST /api/v1/auth/refresh 401 0.520 ms - 1101","service":"user-service","timestamp":"2026-06-24 21:14:19"}
{"level":"info","message":"POST /api/v1/auth/refresh 401 0.533 ms - 1101","service":"user-service","timestamp":"2026-06-24 21:14:19"}
{"level":"info","message":"POST /api/v1/auth/refresh 401 0.656 ms - 1101","service":"user-service","timestamp":"2026-06-24 21:14:19"}
{"level":"info","message":"POST /api/v1/auth/refresh 401 0.572 ms - 1101","service":"user-service","timestamp":"2026-06-24 21:14:19"}
{"level":"info","message":"POST /api/v1/auth/refresh 401 0.552 ms - 1101","service":"user-service","timestamp":"2026-06-24 21:14:19"}
{"level":"info","message":"POST /api/v1/auth/refresh 401 0.440 ms - 1101","service":"user-service","timestamp":"2026-06-24 21:14:19"}
{"level":"info","message":"POST /api/v1/auth/refresh 401 0.498 ms - 1101","service":"user-service","timestamp":"2026-06-24 21:14:19"}
{"level":"info","message":"POST /api/v1/auth/refresh 401 0.752 ms - 1101","service":"user-service","timestamp":"2026-06-24 21:14:20"}
{"level":"info","message":"POST /api/v1/auth/refresh 401 0.424 ms - 1101","service":"user-service","timestamp":"2026-06-24 21:14:20"}
{"level":"info","message":"POST /api/v1/auth/refresh 401 0.547 ms - 1101","service":"user-service","timestamp":"2026-06-24 21:14:20"}
{"level":"info","message":"POST /api/v1/auth/refresh 401 0.567 ms - 1101","service":"user-service","timestamp":"2026-06-24 21:14:20"}
{"level":"info","message":"POST /api/v1/auth/refresh 401 0.568 ms - 1101","service":"user-service","timestamp":"2026-06-24 21:14:20"}
{"level":"info","message":"POST /api/v1/auth/refresh 401 0.728 ms - 1101","service":"user-service","timestamp":"2026-06-24 21:14:20"}
{"level":"info","message":"POST /api/v1/auth/refresh 401 0.394 ms - 1101","service":"user-service","timestamp":"2026-06-24 21:14:20"}
{"level":"info","message":"POST /api/v1/auth/refresh 401 0.692 ms - 1101","service":"user-service","timestamp":"2026-06-24 21:14:20"}
{"level":"info","message":"POST /api/v1/auth/refresh 401 0.442 ms - 1101","service":"user-service","timestamp":"2026-06-24 21:14:20"}
{"level":"info","message":"POST /api/v1/auth/refresh 401 0.506 ms - 1101","service":"user-service","timestamp":"2026-06-24 21:14:20"}
{"level":"info","message":"POST /api/v1/auth/refresh 401 0.828 ms - 1101","service":"user-service","timestamp":"2026-06-24 21:14:20"}
{"level":"info","message":"POST /api/v1/auth/refresh 401 0.713 ms - 1101","service":"user-service","timestamp":"2026-06-24 21:14:20"}
{"level":"info","message":"POST /api/v1/auth/refresh 401 0.575 ms - 1101","service":"user-service","timestamp":"2026-06-24 21:14:20"}
{"level":"info","message":"POST /api/v1/auth/refresh 401 0.489 ms - 1101","service":"user-service","timestamp":"2026-06-24 21:14:20"}
{"level":"info","message":"POST /api/v1/auth/refresh 401 0.661 ms - 1101","service":"user-service","timestamp":"2026-06-24 21:14:20"}
{"level":"info","message":"POST /api/v1/auth/refresh 401 0.477 ms - 1101","service":"user-service","timestamp":"2026-06-24 21:14:20"}
{"level":"info","message":"POST /api/v1/auth/refresh 401 0.434 ms - 1101","service":"user-service","timestamp":"2026-06-24 21:14:20"}
{"level":"info","message":"POST /api/v1/auth/refresh 401 0.572 ms - 1101","service":"user-service","timestamp":"2026-06-24 21:14:20"}
{"level":"info","message":"POST /api/v1/auth/refresh 401 0.675 ms - 1101","service":"user-service","timestamp":"2026-06-24 21:14:20"}
{"level":"info","message":"POST /api/v1/auth/refresh 401 0.434 ms - 1101","service":"user-service","timestamp":"2026-06-24 21:14:20"}
{"level":"info","message":"POST /api/v1/auth/refresh 401 0.640 ms - 1101","service":"user-service","timestamp":"2026-06-24 21:14:20"}
{"level":"info","message":"POST /api/v1/auth/refresh 401 0.729 ms - 1101","service":"user-service","timestamp":"2026-06-24 21:14:20"}
{"level":"info","message":"POST /api/v1/auth/refresh 401 0.529 ms - 1101","service":"user-service","timestamp":"2026-06-24 21:14:20"}
{"level":"info","message":"POST /api/v1/auth/refresh 401 0.458 ms - 1101","service":"user-service","timestamp":"2026-06-24 21:14:20"}
{"level":"info","message":"POST /api/v1/auth/refresh 401 0.426 ms - 1101","service":"user-service","timestamp":"2026-06-24 21:14:20"}
{"level":"info","message":"POST /api/v1/auth/refresh 401 0.485 ms - 1101","service":"user-service","timestamp":"2026-06-24 21:14:20"}
{"level":"info","message":"POST /api/v1/auth/refresh 401 0.497 ms - 1101","service":"user-service","timestamp":"2026-06-24 21:14:20"}
{"level":"info","message":"POST /api/v1/auth/refresh 401 0.549 ms - 1101","service":"user-service","timestamp":"2026-06-24 21:14:20"}
{"level":"info","message":"POST /api/v1/auth/refresh 401 0.575 ms - 1101","service":"user-service","timestamp":"2026-06-24 21:14:20"}
{"level":"info","message":"POST /api/v1/auth/refresh 401 0.574 ms - 1101","service":"user-service","timestamp":"2026-06-24 21:14:30"}
{"level":"info","message":"POST /api/v1/auth/refresh 401 0.662 ms - 1101","service":"user-service","timestamp":"2026-06-24 21:14:30"}
{"level":"info","message":"POST /api/v1/auth/refresh 401 0.864 ms - 1101","service":"user-service","timestamp":"2026-06-24 21:14:31"}
{"level":"info","message":"POST /api/v1/auth/refresh 401 0.675 ms - 1101","service":"user-service","timestamp":"2026-06-24 21:14:31"}
{"level":"info","message":"POST /api/v1/auth/refresh 401 0.646 ms - 1101","service":"user-service","timestamp":"2026-06-24 21:14:31"}
{"level":"info","message":"POST /api/v1/auth/refresh 401 0.664 ms - 1101","service":"user-service","timestamp":"2026-06-24 21:14:31"}
{"level":"info","message":"POST /api/v1/auth/refresh 401 0.513 ms - 1101","service":"user-service","timestamp":"2026-06-24 21:14:31"}
{"level":"info","message":"POST /api/v1/auth/refresh 401 0.811 ms - 1101","service":"user-service","timestamp":"2026-06-24 21:14:31"}
{"level":"info","message":"POST /api/v1/auth/refresh 401 0.716 ms - 1101","service":"user-service","timestamp":"2026-06-24 21:14:31"}
{"level":"info","message":"POST /api/v1/auth/refresh 401 0.591 ms - 1101","service":"user-service","timestamp":"2026-06-24 21:14:31"}
{"level":"info","message":"POST /api/v1/auth/refresh 401 0.818 ms - 1101","service":"user-service","timestamp":"2026-06-24 21:14:31"}
{"level":"info","message":"POST /api/v1/auth/refresh 401 0.727 ms - 1101","service":"user-service","timestamp":"2026-06-24 21:14:31"}
{"level":"info","message":"POST /api/v1/auth/refresh 401 0.603 ms - 1101","service":"user-service","timestamp":"2026-06-24 21:14:31"}
{"level":"info","message":"POST /api/v1/auth/refresh 401 0.570 ms - 1101","service":"user-service","timestamp":"2026-06-24 21:14:31"}
{"level":"info","message":"POST /api/v1/auth/refresh 401 0.681 ms - 1101","service":"user-service","timestamp":"2026-06-24 21:14:31"}
{"level":"info","message":"POST /api/v1/auth/refresh 401 0.718 ms - 1101","service":"user-service","timestamp":"2026-06-24 21:14:31"}
{"level":"info","message":"POST /api/v1/auth/refresh 401 0.642 ms - 1101","service":"user-service","timestamp":"2026-06-24 21:14:31"}
{"level":"info","message":"POST /api/v1/auth/refresh 401 0.698 ms - 1101","service":"user-service","timestamp":"2026-06-24 21:14:31"}
{"level":"info","message":"POST /api/v1/auth/refresh 401 0.473 ms - 1101","service":"user-service","timestamp":"2026-06-24 21:14:31"}
{"level":"info","message":"POST /api/v1/auth/refresh 401 0.792 ms - 1101","service":"user-service","timestamp":"2026-06-24 21:14:31"}
{"level":"info","message":"POST /api/v1/auth/refresh 401 0.855 ms - 1101","service":"user-service","timestamp":"2026-06-24 21:14:31"}
{"level":"info","message":"POST /api/v1/auth/refresh 401 0.547 ms - 1101","service":"user-service","timestamp":"2026-06-24 21:14:31"}
{"level":"info","message":"POST /api/v1/auth/refresh 401 0.464 ms - 1101","service":"user-service","timestamp":"2026-06-24 21:14:31"}
{"level":"info","message":"POST /api/v1/auth/refresh 401 0.563 ms - 1101","service":"user-service","timestamp":"2026-06-24 21:14:31"}
{"level":"info","message":"POST /api/v1/auth/refresh 401 1.067 ms - 1101","service":"user-service","timestamp":"2026-06-24 21:14:32"}
{"level":"info","message":"POST /api/v1/auth/refresh 401 0.709 ms - 1101","service":"user-service","timestamp":"2026-06-24 21:14:32"}
{"level":"info","message":"POST /api/v1/auth/refresh 401 0.552 ms - 1101","service":"user-service","timestamp":"2026-06-24 21:14:32"}
{"level":"info","message":"POST /api/v1/auth/refresh 401 0.710 ms - 1101","service":"user-service","timestamp":"2026-06-24 21:14:32"}
{"level":"info","message":"POST /api/v1/auth/refresh 401 0.770 ms - 1101","service":"user-service","timestamp":"2026-06-24 21:14:32"}
{"level":"info","message":"POST /api/v1/auth/refresh 401 0.627 ms - 1101","service":"user-service","timestamp":"2026-06-24 21:14:32"}
{"level":"info","message":"POST /api/v1/auth/refresh 401 0.657 ms - 1101","service":"user-service","timestamp":"2026-06-24 21:14:32"}
{"level":"info","message":"POST /api/v1/auth/refresh 401 0.862 ms - 1101","service":"user-service","timestamp":"2026-06-24 21:14:32"}
{"level":"info","message":"POST /api/v1/auth/refresh 401 0.464 ms - 1101","service":"user-service","timestamp":"2026-06-24 21:14:32"}
{"level":"info","message":"POST /api/v1/auth/refresh 401 0.502 ms - 1101","service":"user-service","timestamp":"2026-06-24 21:14:32"}
{"level":"info","message":"POST /api/v1/auth/refresh 401 0.530 ms - 1101","service":"user-service","timestamp":"2026-06-24 21:14:32"}
{"level":"info","message":"POST /api/v1/auth/refresh 401 0.415 ms - 1101","service":"user-service","timestamp":"2026-06-24 21:14:32"}
{"level":"info","message":"POST /api/v1/auth/refresh 401 0.434 ms - 1101","service":"user-service","timestamp":"2026-06-24 21:14:32"}
{"level":"info","message":"POST /api/v1/auth/refresh 401 0.485 ms - 1101","service":"user-service","timestamp":"2026-06-24 21:14:32"}
{"level":"info","message":"POST /api/v1/auth/refresh 401 0.681 ms - 1101","service":"user-service","timestamp":"2026-06-24 21:14:32"}
{"level":"info","message":"POST /api/v1/auth/refresh 401 0.865 ms - 1101","service":"user-service","timestamp":"2026-06-24 21:14:32"}
{"level":"info","message":"POST /api/v1/auth/refresh 401 0.646 ms - 1101","service":"user-service","timestamp":"2026-06-24 21:14:32"}
{"level":"info","message":"POST /api/v1/auth/refresh 401 0.575 ms - 1101","service":"user-service","timestamp":"2026-06-24 21:14:32"}
{"level":"info","message":"POST /api/v1/auth/refresh 401 0.519 ms - 1101","service":"user-service","timestamp":"2026-06-24 21:14:32"}
{"level":"info","message":"POST /api/v1/auth/refresh 401 0.746 ms - 1101","service":"user-service","timestamp":"2026-06-24 21:14:32"}
{"level":"info","message":"POST /api/v1/auth/refresh 401 0.690 ms - 1101","service":"user-service","timestamp":"2026-06-24 21:14:32"}
{"level":"info","message":"POST /api/v1/auth/refresh 401 0.470 ms - 1101","service":"user-service","timestamp":"2026-06-24 21:14:32"}
{"level":"info","message":"POST /api/v1/auth/refresh 401 0.720 ms - 1101","service":"user-service","timestamp":"2026-06-24 21:14:32"}
{"level":"info","message":"POST /api/v1/auth/refresh 401 0.533 ms - 1101","service":"user-service","timestamp":"2026-06-24 21:14:32"}
{"level":"info","message":"POST /api/v1/auth/refresh 401 0.839 ms - 1101","service":"user-service","timestamp":"2026-06-24 21:14:32"}
{"level":"info","message":"POST /api/v1/auth/refresh 401 0.533 ms - 1101","service":"user-service","timestamp":"2026-06-24 21:14:33"}
{"level":"info","message":"POST /api/v1/auth/refresh 401 0.527 ms - 1101","service":"user-service","timestamp":"2026-06-24 21:14:33"}
{"level":"info","message":"POST /api/v1/auth/refresh 401 0.661 ms - 1101","service":"user-service","timestamp":"2026-06-24 21:14:33"}
{"level":"info","message":"POST /api/v1/auth/refresh 401 0.521 ms - 1101","service":"user-service","timestamp":"2026-06-24 21:14:33"}
{"level":"info","message":"POST /api/v1/auth/refresh 401 0.459 ms - 1101","service":"user-service","timestamp":"2026-06-24 21:14:33"}
{"level":"info","message":"POST /api/v1/auth/refresh 401 0.589 ms - 1101","service":"user-service","timestamp":"2026-06-24 21:14:33"}
{"level":"info","message":"POST /api/v1/auth/refresh 401 0.618 ms - 1101","service":"user-service","timestamp":"2026-06-24 21:14:33"}
{"level":"info","message":"POST /api/v1/auth/refresh 401 0.589 ms - 1101","service":"user-service","timestamp":"2026-06-24 21:14:33"}
{"level":"info","message":"POST /api/v1/auth/refresh 401 0.565 ms - 1101","service":"user-service","timestamp":"2026-06-24 21:14:33"}
{"level":"info","message":"POST /api/v1/auth/refresh 401 0.539 ms - 1101","service":"user-service","timestamp":"2026-06-24 21:14:33"}
{"level":"info","message":"POST /api/v1/auth/refresh 401 0.588 ms - 1101","service":"user-service","timestamp":"2026-06-24 21:14:33"}
{"level":"info","message":"POST /api/v1/auth/refresh 401 0.588 ms - 1101","service":"user-service","timestamp":"2026-06-24 21:14:33"}
{"level":"info","message":"POST /api/v1/auth/refresh 401 0.661 ms - 1101","service":"user-service","timestamp":"2026-06-24 21:14:33"}
{"level":"info","message":"POST /api/v1/auth/refresh 401 0.559 ms - 1101","service":"user-service","timestamp":"2026-06-24 21:14:33"}
{"level":"info","message":"POST /api/v1/auth/refresh 401 0.511 ms - 1101","service":"user-service","timestamp":"2026-06-24 21:14:33"}
{"level":"info","message":"POST /api/v1/auth/refresh 401 0.457 ms - 1101","service":"user-service","timestamp":"2026-06-24 21:14:33"}
{"level":"info","message":"POST /api/v1/auth/refresh 401 0.941 ms - 1101","service":"user-service","timestamp":"2026-06-24 21:14:33"}
{"level":"info","message":"POST /api/v1/auth/refresh 401 0.455 ms - 1101","service":"user-service","timestamp":"2026-06-24 21:14:33"}
{"level":"info","message":"POST /api/v1/auth/refresh 401 0.556 ms - 1101","service":"user-service","timestamp":"2026-06-24 21:14:33"}
{"level":"info","message":"POST /api/v1/auth/refresh 401 0.764 ms - 1101","service":"user-service","timestamp":"2026-06-24 21:14:33"}
{"level":"info","message":"POST /api/v1/auth/refresh 401 0.466 ms - 1101","service":"user-service","timestamp":"2026-06-24 21:14:33"}
{"level":"info","message":"POST /api/v1/auth/refresh 401 0.768 ms - 1101","service":"user-service","timestamp":"2026-06-24 21:14:33"}
{"level":"info","message":"POST /api/v1/auth/refresh 401 0.905 ms - 1101","service":"user-service","timestamp":"2026-06-24 21:14:33"}
{"level":"info","message":"POST /api/v1/auth/refresh 401 1.080 ms - 1101","service":"user-service","timestamp":"2026-06-24 21:14:33"}
{"level":"info","message":"POST /api/v1/auth/refresh 401 0.702 ms - 1101","service":"user-service","timestamp":"2026-06-24 21:14:34"}
{"level":"info","message":"POST /api/v1/auth/refresh 401 0.595 ms - 1101","service":"user-service","timestamp":"2026-06-24 21:14:34"}
{"level":"info","message":"POST /api/v1/auth/refresh 401 0.662 ms - 1101","service":"user-service","timestamp":"2026-06-24 21:14:34"}
{"level":"info","message":"POST /api/v1/auth/refresh 401 0.564 ms - 1101","service":"user-service","timestamp":"2026-06-24 21:14:34"}
{"level":"info","message":"POST /api/v1/auth/refresh 401 0.490 ms - 1101","service":"user-service","timestamp":"2026-06-24 21:14:34"}
{"level":"info","message":"POST /api/v1/auth/refresh 401 0.537 ms - 1101","service":"user-service","timestamp":"2026-06-24 21:14:34"}
{"level":"info","message":"POST /api/v1/auth/refresh 401 0.595 ms - 1101","service":"user-service","timestamp":"2026-06-24 21:14:34"}
{"level":"info","message":"POST /api/v1/auth/refresh 401 0.720 ms - 1101","service":"user-service","timestamp":"2026-06-24 21:14:34"}
{"level":"info","message":"POST /api/v1/auth/refresh 401 0.493 ms - 1101","service":"user-service","timestamp":"2026-06-24 21:14:34"}
{"level":"info","message":"POST /api/v1/auth/refresh 401 0.651 ms - 1101","service":"user-service","timestamp":"2026-06-24 21:14:34"}
{"level":"info","message":"POST /api/v1/auth/refresh 401 1.459 ms - 1101","service":"user-service","timestamp":"2026-06-24 21:14:34"}
{"level":"info","message":"POST /api/v1/auth/refresh 401 0.748 ms - 1101","service":"user-service","timestamp":"2026-06-24 21:14:34"}
{"level":"info","message":"POST /api/v1/auth/refresh 401 0.746 ms - 1101","service":"user-service","timestamp":"2026-06-24 21:14:34"}
{"level":"info","message":"POST /api/v1/auth/refresh 401 0.641 ms - 1101","service":"user-service","timestamp":"2026-06-24 21:14:34"}
{"level":"info","message":"POST /api/v1/auth/refresh 401 0.798 ms - 1101","service":"user-service","timestamp":"2026-06-24 21:14:34"}
{"level":"info","message":"POST /api/v1/auth/refresh 401 0.586 ms - 1101","service":"user-service","timestamp":"2026-06-24 21:14:34"}
{"level":"info","message":"POST /api/v1/auth/refresh 401 0.525 ms - 1101","service":"user-service","timestamp":"2026-06-24 21:14:34"}
{"level":"info","message":"POST /api/v1/auth/refresh 401 0.768 ms - 1101","service":"user-service","timestamp":"2026-06-24 21:14:34"}
{"level":"info","message":"POST /api/v1/auth/refresh 401 0.617 ms - 1101","service":"user-service","timestamp":"2026-06-24 21:14:34"}
{"level":"info","message":"POST /api/v1/auth/refresh 401 0.606 ms - 1101","service":"user-service","timestamp":"2026-06-24 21:14:34"}
{"level":"info","message":"POST /api/v1/auth/refresh 401 0.629 ms - 1101","service":"user-service","timestamp":"2026-06-24 21:14:34"}
{"level":"info","message":"POST /api/v1/auth/refresh 401 0.729 ms - 1101","service":"user-service","timestamp":"2026-06-24 21:14:34"}
{"level":"info","message":"POST /api/v1/auth/refresh 401 0.823 ms - 1101","service":"user-service","timestamp":"2026-06-24 21:14:34"}
{"level":"info","message":"POST /api/v1/auth/refresh 401 0.925 ms - 1101","service":"user-service","timestamp":"2026-06-24 21:14:34"}
{"level":"info","message":"POST /api/v1/auth/refresh 401 1.057 ms - 1101","service":"user-service","timestamp":"2026-06-24 21:14:34"}
{"level":"info","message":"POST /api/v1/auth/refresh 401 0.490 ms - 1101","service":"user-service","timestamp":"2026-06-24 21:14:35"}
{"level":"info","message":"POST /api/v1/auth/refresh 401 0.544 ms - 1101","service":"user-service","timestamp":"2026-06-24 21:14:35"}
{"level":"info","message":"POST /api/v1/auth/refresh 401 0.554 ms - 1101","service":"user-service","timestamp":"2026-06-24 21:14:35"}
{"level":"info","message":"POST /api/v1/auth/refresh 401 0.672 ms - 1101","service":"user-service","timestamp":"2026-06-24 21:14:35"}
{"level":"info","message":"POST /api/v1/auth/refresh 401 0.616 ms - 1101","service":"user-service","timestamp":"2026-06-24 21:14:35"}
{"level":"info","message":"POST /api/v1/auth/refresh 401 0.797 ms - 1101","service":"user-service","timestamp":"2026-06-24 21:14:35"}
{"level":"info","message":"POST /api/v1/auth/refresh 401 0.618 ms - 1101","service":"user-service","timestamp":"2026-06-24 21:14:35"}
{"level":"info","message":"POST /api/v1/auth/refresh 401 0.667 ms - 1101","service":"user-service","timestamp":"2026-06-24 21:14:35"}
{"level":"info","message":"POST /api/v1/auth/refresh 401 0.534 ms - 1101","service":"user-service","timestamp":"2026-06-24 21:14:35"}
{"level":"info","message":"POST /api/v1/auth/refresh 401 0.820 ms - 1101","service":"user-service","timestamp":"2026-06-24 21:14:35"}
{"level":"info","message":"POST /api/v1/auth/refresh 401 0.629 ms - 1101","service":"user-service","timestamp":"2026-06-24 21:14:35"}
{"level":"info","message":"POST /api/v1/auth/refresh 401 0.652 ms - 1101","service":"user-service","timestamp":"2026-06-24 21:14:35"}
{"level":"info","message":"POST /api/v1/auth/refresh 401 0.805 ms - 1101","service":"user-service","timestamp":"2026-06-24 21:14:35"}
{"level":"info","message":"POST /api/v1/auth/refresh 401 0.682 ms - 1101","service":"user-service","timestamp":"2026-06-24 21:15:05"}
{"level":"info","message":"POST /api/v1/auth/refresh 401 0.901 ms - 1101","service":"user-service","timestamp":"2026-06-24 21:15:05"}
{"level":"info","message":"POST /api/v1/auth/refresh 401 0.645 ms - 1101","service":"user-service","timestamp":"2026-06-24 21:15:05"}
{"level":"info","message":"POST /api/v1/auth/refresh 401 0.566 ms - 1101","service":"user-service","timestamp":"2026-06-24 21:15:05"}
{"level":"info","message":"POST /api/v1/auth/refresh 401 0.722 ms - 1101","service":"user-service","timestamp":"2026-06-24 21:15:05"}
{"level":"info","message":"POST /api/v1/auth/refresh 401 1.790 ms - 1101","service":"user-service","timestamp":"2026-06-24 21:15:05"}
{"level":"info","message":"POST /api/v1/auth/refresh 401 0.785 ms - 1101","service":"user-service","timestamp":"2026-06-24 21:15:05"}
{"level":"info","message":"POST /api/v1/auth/refresh 401 0.525 ms - 1101","service":"user-service","timestamp":"2026-06-24 21:15:05"}
{"level":"info","message":"POST /api/v1/auth/refresh 401 0.693 ms - 1101","service":"user-service","timestamp":"2026-06-24 21:15:05"}
{"level":"info","message":"POST /api/v1/auth/refresh 401 0.695 ms - 1101","service":"user-service","timestamp":"2026-06-24 21:15:05"}
{"level":"info","message":"POST /api/v1/auth/refresh 401 0.432 ms - 1101","service":"user-service","timestamp":"2026-06-24 21:15:06"}
{"level":"info","message":"POST /api/v1/auth/refresh 401 0.728 ms - 1101","service":"user-service","timestamp":"2026-06-24 21:15:06"}
{"level":"info","message":"POST /api/v1/auth/refresh 401 0.937 ms - 1101","service":"user-service","timestamp":"2026-06-24 21:15:06"}
{"level":"info","message":"POST /api/v1/auth/refresh 401 0.463 ms - 1101","service":"user-service","timestamp":"2026-06-24 21:15:06"}
{"level":"info","message":"POST /api/v1/auth/refresh 401 0.720 ms - 1101","service":"user-service","timestamp":"2026-06-24 21:15:06"}
{"level":"info","message":"POST /api/v1/auth/refresh 401 0.499 ms - 1101","service":"user-service","timestamp":"2026-06-24 21:15:06"}
{"level":"info","message":"POST /api/v1/auth/refresh 401 0.774 ms - 1101","service":"user-service","timestamp":"2026-06-24 21:15:06"}
{"level":"info","message":"POST /api/v1/auth/refresh 401 0.780 ms - 1101","service":"user-service","timestamp":"2026-06-24 21:15:06"}
{"level":"info","message":"POST /api/v1/auth/refresh 401 0.563 ms - 1101","service":"user-service","timestamp":"2026-06-24 21:15:06"}
{"level":"info","message":"POST /api/v1/auth/refresh 401 0.556 ms - 1101","service":"user-service","timestamp":"2026-06-24 21:15:06"}
{"level":"info","message":"POST /api/v1/auth/refresh 401 0.611 ms - 1101","service":"user-service","timestamp":"2026-06-24 21:15:06"}
{"level":"info","message":"POST /api/v1/auth/refresh 401 0.486 ms - 1101","service":"user-service","timestamp":"2026-06-24 21:15:06"}
{"level":"info","message":"POST /api/v1/auth/refresh 401 0.568 ms - 1101","service":"user-service","timestamp":"2026-06-24 21:15:06"}
{"level":"info","message":"POST /api/v1/auth/refresh 401 0.513 ms - 1101","service":"user-service","timestamp":"2026-06-24 21:15:06"}
{"level":"info","message":"POST /api/v1/auth/refresh 401 0.540 ms - 1101","service":"user-service","timestamp":"2026-06-24 21:15:06"}
{"level":"info","message":"POST /api/v1/auth/refresh 401 0.543 ms - 1101","service":"user-service","timestamp":"2026-06-24 21:15:06"}
{"level":"info","message":"POST /api/v1/auth/refresh 401 0.455 ms - 1101","service":"user-service","timestamp":"2026-06-24 21:15:06"}
{"level":"info","message":"POST /api/v1/auth/refresh 401 0.503 ms - 1101","service":"user-service","timestamp":"2026-06-24 21:15:06"}
{"level":"info","message":"POST /api/v1/auth/refresh 401 0.473 ms - 1101","service":"user-service","timestamp":"2026-06-24 21:15:06"}
{"level":"info","message":"POST /api/v1/auth/refresh 401 0.988 ms - 1101","service":"user-service","timestamp":"2026-06-24 21:15:06"}
{"level":"info","message":"POST /api/v1/auth/refresh 401 0.669 ms - 1101","service":"user-service","timestamp":"2026-06-24 21:15:06"}
{"level":"info","message":"POST /api/v1/auth/refresh 401 0.687 ms - 1101","service":"user-service","timestamp":"2026-06-24 21:15:06"}
{"level":"info","message":"POST /api/v1/auth/refresh 401 0.782 ms - 1101","service":"user-service","timestamp":"2026-06-24 21:15:07"}
{"level":"info","message":"POST /api/v1/auth/refresh 401 0.623 ms - 1101","service":"user-service","timestamp":"2026-06-24 21:15:07"}
{"level":"info","message":"POST /api/v1/auth/refresh 401 0.660 ms - 1101","service":"user-service","timestamp":"2026-06-24 21:15:07"}
{"level":"info","message":"POST /api/v1/auth/refresh 401 0.606 ms - 1101","service":"user-service","timestamp":"2026-06-24 21:15:07"}
{"level":"info","message":"POST /api/v1/auth/refresh 401 0.774 ms - 1101","service":"user-service","timestamp":"2026-06-24 21:15:07"}
{"level":"info","message":"POST /api/v1/auth/refresh 401 0.577 ms - 1101","service":"user-service","timestamp":"2026-06-24 21:15:07"}
{"level":"info","message":"POST /api/v1/auth/refresh 401 0.544 ms - 1101","service":"user-service","timestamp":"2026-06-24 21:15:07"}
{"level":"info","message":"POST /api/v1/auth/refresh 401 0.484 ms - 1101","service":"user-service","timestamp":"2026-06-24 21:15:07"}
{"level":"info","message":"POST /api/v1/auth/refresh 401 0.588 ms - 1101","service":"user-service","timestamp":"2026-06-24 21:15:07"}
{"level":"info","message":"POST /api/v1/auth/refresh 401 0.851 ms - 1101","service":"user-service","timestamp":"2026-06-24 21:15:07"}
{"level":"info","message":"POST /api/v1/auth/refresh 401 0.568 ms - 1101","service":"user-service","timestamp":"2026-06-24 21:15:07"}
{"level":"info","message":"POST /api/v1/auth/refresh 401 0.527 ms - 1101","service":"user-service","timestamp":"2026-06-24 21:15:07"}
{"level":"info","message":"POST /api/v1/auth/refresh 401 1.534 ms - 1101","service":"user-service","timestamp":"2026-06-24 21:15:07"}
{"level":"info","message":"POST /api/v1/auth/refresh 401 0.414 ms - 1101","service":"user-service","timestamp":"2026-06-24 21:15:07"}
{"level":"info","message":"POST /api/v1/auth/refresh 401 0.686 ms - 1101","service":"user-service","timestamp":"2026-06-24 21:15:07"}
{"level":"info","message":"POST /api/v1/auth/refresh 401 0.433 ms - 1101","service":"user-service","timestamp":"2026-06-24 21:15:07"}
{"level":"info","message":"POST /api/v1/auth/refresh 401 0.847 ms - 1101","service":"user-service","timestamp":"2026-06-24 21:15:07"}
{"level":"info","message":"POST /api/v1/auth/refresh 401 0.600 ms - 1101","service":"user-service","timestamp":"2026-06-24 21:15:07"}
{"level":"info","message":"POST /api/v1/auth/refresh 401 0.559 ms - 1101","service":"user-service","timestamp":"2026-06-24 21:15:07"}
{"level":"info","message":"POST /api/v1/auth/refresh 401 0.413 ms - 1101","service":"user-service","timestamp":"2026-06-24 21:15:07"}
{"level":"info","message":"POST /api/v1/auth/refresh 401 0.570 ms - 1101","service":"user-service","timestamp":"2026-06-24 21:15:07"}
{"level":"info","message":"POST /api/v1/auth/refresh 401 0.649 ms - 1101","service":"user-service","timestamp":"2026-06-24 21:15:07"}
{"level":"info","message":"POST /api/v1/auth/refresh 401 0.555 ms - 1101","service":"user-service","timestamp":"2026-06-24 21:15:07"}
{"level":"info","message":"POST /api/v1/auth/refresh 401 1.040 ms - 1101","service":"user-service","timestamp":"2026-06-24 21:15:08"}
{"level":"info","message":"POST /api/v1/auth/refresh 401 0.543 ms - 1101","service":"user-service","timestamp":"2026-06-24 21:15:08"}
{"level":"info","message":"POST /api/v1/auth/refresh 401 0.482 ms - 1101","service":"user-service","timestamp":"2026-06-24 21:15:08"}
{"level":"info","message":"POST /api/v1/auth/refresh 401 0.530 ms - 1101","service":"user-service","timestamp":"2026-06-24 21:15:08"}
{"level":"info","message":"POST /api/v1/auth/refresh 401 0.494 ms - 1101","service":"user-service","timestamp":"2026-06-24 21:15:08"}
{"level":"info","message":"POST /api/v1/auth/refresh 401 0.664 ms - 1101","service":"user-service","timestamp":"2026-06-24 21:15:08"}
{"level":"info","message":"POST /api/v1/auth/refresh 401 0.635 ms - 1101","service":"user-service","timestamp":"2026-06-24 21:15:08"}
{"level":"info","message":"POST /api/v1/auth/refresh 401 0.687 ms - 1101","service":"user-service","timestamp":"2026-06-24 21:15:08"}
{"level":"info","message":"POST /api/v1/auth/refresh 401 0.509 ms - 1101","service":"user-service","timestamp":"2026-06-24 21:15:08"}
{"level":"info","message":"POST /api/v1/auth/refresh 401 0.654 ms - 1101","service":"user-service","timestamp":"2026-06-24 21:15:08"}
{"level":"info","message":"POST /api/v1/auth/refresh 401 0.497 ms - 1101","service":"user-service","timestamp":"2026-06-24 21:15:08"}
{"level":"info","message":"POST /api/v1/auth/refresh 401 0.624 ms - 1101","service":"user-service","timestamp":"2026-06-24 21:15:08"}
{"level":"info","message":"POST /api/v1/auth/refresh 401 0.534 ms - 1101","service":"user-service","timestamp":"2026-06-24 21:15:08"}
{"level":"info","message":"POST /api/v1/auth/refresh 401 0.865 ms - 1101","service":"user-service","timestamp":"2026-06-24 21:15:08"}
{"level":"info","message":"POST /api/v1/auth/refresh 401 0.678 ms - 1101","service":"user-service","timestamp":"2026-06-24 21:15:08"}
{"level":"info","message":"POST /api/v1/auth/refresh 401 0.465 ms - 1101","service":"user-service","timestamp":"2026-06-24 21:15:08"}
{"level":"info","message":"POST /api/v1/auth/refresh 401 0.614 ms - 1101","service":"user-service","timestamp":"2026-06-24 21:15:08"}
{"level":"info","message":"POST /api/v1/auth/refresh 401 0.554 ms - 1101","service":"user-service","timestamp":"2026-06-24 21:15:08"}
{"level":"info","message":"POST /api/v1/auth/refresh 401 0.691 ms - 1101","service":"user-service","timestamp":"2026-06-24 21:15:08"}
{"level":"info","message":"POST /api/v1/auth/refresh 401 0.672 ms - 1101","service":"user-service","timestamp":"2026-06-24 21:15:08"}
{"level":"info","message":"POST /api/v1/auth/refresh 401 0.477 ms - 1101","service":"user-service","timestamp":"2026-06-24 21:15:08"}
{"level":"info","message":"POST /api/v1/auth/refresh 401 0.459 ms - 1101","service":"user-service","timestamp":"2026-06-24 21:15:08"}
{"level":"info","message":"POST /api/v1/auth/refresh 401 0.554 ms - 1101","service":"user-service","timestamp":"2026-06-24 21:15:08"}
{"level":"info","message":"POST /api/v1/auth/refresh 401 0.454 ms - 1101","service":"user-service","timestamp":"2026-06-24 21:15:09"}
{"level":"info","message":"POST /api/v1/auth/refresh 401 0.614 ms - 1101","service":"user-service","timestamp":"2026-06-24 21:15:09"}
{"level":"info","message":"POST /api/v1/auth/refresh 401 0.483 ms - 1101","service":"user-service","timestamp":"2026-06-24 21:15:09"}
{"level":"info","message":"POST /api/v1/auth/refresh 401 0.486 ms - 1101","service":"user-service","timestamp":"2026-06-24 21:15:09"}
{"level":"info","message":"POST /api/v1/auth/refresh 401 0.536 ms - 1101","service":"user-service","timestamp":"2026-06-24 21:15:09"}
{"level":"info","message":"POST /api/v1/auth/refresh 401 0.643 ms - 1101","service":"user-service","timestamp":"2026-06-24 21:15:09"}
{"level":"info","message":"POST /api/v1/auth/refresh 401 0.533 ms - 1101","service":"user-service","timestamp":"2026-06-24 21:15:09"}
{"level":"info","message":"POST /api/v1/auth/refresh 401 0.575 ms - 1101","service":"user-service","timestamp":"2026-06-24 21:15:09"}
{"level":"info","message":"POST /api/v1/auth/refresh 401 0.456 ms - 1101","service":"user-service","timestamp":"2026-06-24 21:15:09"}
{"level":"info","message":"POST /api/v1/auth/refresh 401 0.584 ms - 1101","service":"user-service","timestamp":"2026-06-24 21:15:09"}
{"level":"info","message":"POST /api/v1/auth/refresh 401 0.510 ms - 1101","service":"user-service","timestamp":"2026-06-24 21:15:09"}
{"level":"info","message":"POST /api/v1/auth/refresh 401 0.570 ms - 1101","service":"user-service","timestamp":"2026-06-24 21:15:09"}
{"level":"info","message":"POST /api/v1/auth/refresh 401 0.566 ms - 1101","service":"user-service","timestamp":"2026-06-24 21:15:09"}
{"level":"info","message":"POST /api/v1/auth/refresh 401 0.550 ms - 1101","service":"user-service","timestamp":"2026-06-24 21:15:09"}
{"level":"info","message":"POST /api/v1/auth/refresh 401 0.507 ms - 1101","service":"user-service","timestamp":"2026-06-24 21:15:09"}
{"level":"info","message":"POST /api/v1/auth/refresh 401 0.703 ms - 1101","service":"user-service","timestamp":"2026-06-24 21:15:09"}
{"level":"info","message":"POST /api/v1/auth/refresh 401 0.509 ms - 1101","service":"user-service","timestamp":"2026-06-24 21:15:09"}
{"level":"info","message":"POST /api/v1/auth/refresh 401 0.537 ms - 1101","service":"user-service","timestamp":"2026-06-24 21:15:09"}
{"level":"info","message":"POST /api/v1/auth/refresh 401 0.652 ms - 1101","service":"user-service","timestamp":"2026-06-24 21:15:09"}
{"level":"info","message":"POST /api/v1/auth/refresh 401 0.490 ms - 1101","service":"user-service","timestamp":"2026-06-24 21:15:09"}
{"level":"info","message":"POST /api/v1/auth/refresh 401 0.740 ms - 1101","service":"user-service","timestamp":"2026-06-24 21:15:09"}
{"level":"info","message":"POST /api/v1/auth/refresh 401 0.484 ms - 1101","service":"user-service","timestamp":"2026-06-24 21:15:09"}
{"level":"info","message":"POST /api/v1/auth/refresh 401 0.576 ms - 1101","service":"user-service","timestamp":"2026-06-24 21:15:09"}
{"level":"info","message":"POST /api/v1/auth/refresh 401 0.679 ms - 1101","service":"user-service","timestamp":"2026-06-24 21:15:09"}
{"level":"info","message":"POST /api/v1/auth/refresh 401 0.881 ms - 1101","service":"user-service","timestamp":"2026-06-24 21:15:10"}
{"level":"info","message":"POST /api/v1/auth/refresh 401 0.793 ms - 1101","service":"user-service","timestamp":"2026-06-24 21:15:10"}
{"level":"info","message":"POST /api/v1/auth/refresh 401 0.420 ms - 1101","service":"user-service","timestamp":"2026-06-24 21:15:10"}
{"level":"info","message":"POST /api/v1/auth/refresh 401 0.581 ms - 1101","service":"user-service","timestamp":"2026-06-24 21:15:10"}
{"level":"info","message":"POST /api/v1/auth/refresh 401 0.474 ms - 1101","service":"user-service","timestamp":"2026-06-24 21:15:10"}
{"level":"info","message":"POST /api/v1/auth/refresh 401 0.723 ms - 1101","service":"user-service","timestamp":"2026-06-24 21:15:10"}
{"level":"info","message":"POST /api/v1/auth/refresh 401 0.421 ms - 1101","service":"user-service","timestamp":"2026-06-24 21:15:10"}
{"level":"info","message":"POST /api/v1/auth/refresh 401 0.551 ms - 1101","service":"user-service","timestamp":"2026-06-24 21:15:10"}
{"level":"info","message":"POST /api/v1/auth/refresh 401 0.627 ms - 1101","service":"user-service","timestamp":"2026-06-24 21:15:10"}
{"level":"info","message":"POST /api/v1/auth/refresh 401 0.563 ms - 1101","service":"user-service","timestamp":"2026-06-24 21:15:10"}
{"level":"info","message":"POST /api/v1/auth/refresh 401 0.579 ms - 1101","service":"user-service","timestamp":"2026-06-24 21:15:10"}
{"level":"info","message":"POST /api/v1/auth/refresh 401 0.750 ms - 1101","service":"user-service","timestamp":"2026-06-24 21:15:10"}
{"level":"info","message":"POST /api/v1/auth/refresh 401 0.756 ms - 1101","service":"user-service","timestamp":"2026-06-24 21:15:10"}
{"level":"info","message":"POST /api/v1/auth/refresh 401 0.852 ms - 1101","service":"user-service","timestamp":"2026-06-24 21:15:10"}
{"level":"info","message":"POST /api/v1/auth/refresh 401 0.780 ms - 1101","service":"user-service","timestamp":"2026-06-24 21:15:10"}
{"level":"info","message":"POST /api/v1/auth/refresh 401 0.633 ms - 1101","service":"user-service","timestamp":"2026-06-24 21:15:10"}
{"level":"info","message":"POST /api/v1/auth/refresh 401 0.711 ms - 1101","service":"user-service","timestamp":"2026-06-24 21:15:10"}
{"level":"info","message":"POST /api/v1/auth/refresh 401 0.547 ms - 1101","service":"user-service","timestamp":"2026-06-24 21:15:10"}
{"level":"info","message":"POST /api/v1/auth/refresh 401 0.456 ms - 1101","service":"user-service","timestamp":"2026-06-24 21:15:10"}
{"level":"info","message":"POST /api/v1/auth/refresh 401 0.601 ms - 1101","service":"user-service","timestamp":"2026-06-24 21:15:10"}
{"level":"info","message":"POST /api/v1/auth/refresh 401 0.517 ms - 1101","service":"user-service","timestamp":"2026-06-24 21:15:10"}
{"level":"info","message":"POST /api/v1/auth/refresh 401 0.429 ms - 1101","service":"user-service","timestamp":"2026-06-24 21:15:10"}
{"level":"info","message":"POST /api/v1/auth/refresh 401 0.482 ms - 1101","service":"user-service","timestamp":"2026-06-24 21:15:55"}
{"level":"info","message":"POST /api/v1/auth/refresh 401 0.686 ms - 1101","service":"user-service","timestamp":"2026-06-24 21:15:55"}
{"level":"info","message":"POST /api/v1/auth/refresh 401 0.810 ms - 1101","service":"user-service","timestamp":"2026-06-24 21:15:55"}
{"level":"info","message":"POST /api/v1/auth/refresh 401 0.531 ms - 1101","service":"user-service","timestamp":"2026-06-24 21:15:55"}
{"level":"info","message":"POST /api/v1/auth/refresh 401 0.652 ms - 1101","service":"user-service","timestamp":"2026-06-24 21:15:55"}
{"level":"info","message":"POST /api/v1/auth/refresh 401 0.573 ms - 1101","service":"user-service","timestamp":"2026-06-24 21:15:56"}
{"level":"info","message":"POST /api/v1/auth/refresh 401 0.574 ms - 1101","service":"user-service","timestamp":"2026-06-24 21:15:56"}
{"level":"info","message":"POST /api/v1/auth/refresh 401 0.830 ms - 1101","service":"user-service","timestamp":"2026-06-24 21:15:56"}
{"level":"info","message":"POST /api/v1/auth/refresh 401 0.764 ms - 1101","service":"user-service","timestamp":"2026-06-24 21:15:56"}
{"level":"info","message":"POST /api/v1/auth/refresh 401 0.570 ms - 1101","service":"user-service","timestamp":"2026-06-24 21:15:56"}
{"level":"info","message":"POST /api/v1/auth/refresh 401 0.595 ms - 1101","service":"user-service","timestamp":"2026-06-24 21:15:56"}
{"level":"info","message":"POST /api/v1/auth/refresh 401 0.613 ms - 1101","service":"user-service","timestamp":"2026-06-24 21:15:56"}
{"level":"info","message":"POST /api/v1/auth/refresh 401 0.778 ms - 1101","service":"user-service","timestamp":"2026-06-24 21:15:56"}
{"level":"info","message":"POST /api/v1/auth/refresh 401 0.917 ms - 1101","service":"user-service","timestamp":"2026-06-24 21:15:56"}
{"level":"info","message":"POST /api/v1/auth/refresh 401 0.686 ms - 1101","service":"user-service","timestamp":"2026-06-24 21:15:56"}
{"level":"info","message":"POST /api/v1/auth/refresh 401 0.674 ms - 1101","service":"user-service","timestamp":"2026-06-24 21:15:56"}
{"level":"info","message":"POST /api/v1/auth/refresh 401 0.542 ms - 1101","service":"user-service","timestamp":"2026-06-24 21:15:56"}
{"level":"info","message":"POST /api/v1/auth/refresh 401 0.572 ms - 1101","service":"user-service","timestamp":"2026-06-24 21:15:56"}
{"level":"info","message":"POST /api/v1/auth/refresh 401 0.882 ms - 1101","service":"user-service","timestamp":"2026-06-24 21:15:56"}
{"level":"info","message":"POST /api/v1/auth/refresh 401 0.601 ms - 1101","service":"user-service","timestamp":"2026-06-24 21:15:56"}
{"level":"info","message":"POST /api/v1/auth/refresh 401 0.738 ms - 1101","service":"user-service","timestamp":"2026-06-24 21:15:56"}
{"level":"info","message":"POST /api/v1/auth/refresh 401 0.579 ms - 1101","service":"user-service","timestamp":"2026-06-24 21:15:56"}
{"level":"info","message":"POST /api/v1/auth/refresh 401 0.654 ms - 1101","service":"user-service","timestamp":"2026-06-24 21:15:56"}
{"level":"info","message":"POST /api/v1/auth/refresh 401 0.751 ms - 1101","service":"user-service","timestamp":"2026-06-24 21:15:56"}
{"level":"info","message":"POST /api/v1/auth/refresh 401 0.612 ms - 1101","service":"user-service","timestamp":"2026-06-24 21:15:56"}
{"level":"info","message":"POST /api/v1/auth/refresh 401 0.452 ms - 1101","service":"user-service","timestamp":"2026-06-24 21:15:56"}
{"level":"info","message":"POST /api/v1/auth/refresh 401 0.514 ms - 1101","service":"user-service","timestamp":"2026-06-24 21:15:56"}
{"level":"info","message":"POST /api/v1/auth/refresh 401 0.521 ms - 1101","service":"user-service","timestamp":"2026-06-24 21:15:56"}
{"level":"info","message":"POST /api/v1/auth/refresh 401 0.647 ms - 1101","service":"user-service","timestamp":"2026-06-24 21:15:57"}
{"level":"info","message":"POST /api/v1/auth/refresh 401 0.526 ms - 1101","service":"user-service","timestamp":"2026-06-24 21:15:57"}
{"level":"info","message":"POST /api/v1/auth/refresh 401 0.976 ms - 1101","service":"user-service","timestamp":"2026-06-24 21:15:57"}
{"level":"info","message":"POST /api/v1/auth/refresh 401 0.460 ms - 1101","service":"user-service","timestamp":"2026-06-24 21:15:57"}
{"level":"info","message":"POST /api/v1/auth/refresh 401 0.535 ms - 1101","service":"user-service","timestamp":"2026-06-24 21:15:57"}
{"level":"info","message":"POST /api/v1/auth/refresh 401 0.457 ms - 1101","service":"user-service","timestamp":"2026-06-24 21:15:57"}
{"level":"info","message":"POST /api/v1/auth/refresh 401 0.498 ms - 1101","service":"user-service","timestamp":"2026-06-24 21:15:57"}
{"level":"info","message":"POST /api/v1/auth/refresh 401 0.524 ms - 1101","service":"user-service","timestamp":"2026-06-24 21:15:57"}
{"level":"info","message":"POST /api/v1/auth/refresh 401 0.580 ms - 1101","service":"user-service","timestamp":"2026-06-24 21:15:57"}
{"level":"info","message":"POST /api/v1/auth/refresh 401 0.577 ms - 1101","service":"user-service","timestamp":"2026-06-24 21:15:57"}
{"level":"info","message":"POST /api/v1/auth/refresh 401 0.571 ms - 1101","service":"user-service","timestamp":"2026-06-24 21:15:57"}
{"level":"info","message":"POST /api/v1/auth/refresh 401 0.512 ms - 1101","service":"user-service","timestamp":"2026-06-24 21:15:57"}
{"level":"info","message":"POST /api/v1/auth/refresh 401 0.592 ms - 1101","service":"user-service","timestamp":"2026-06-24 21:15:57"}
{"level":"info","message":"POST /api/v1/auth/refresh 401 0.570 ms - 1101","service":"user-service","timestamp":"2026-06-24 21:15:57"}
{"level":"info","message":"POST /api/v1/auth/refresh 401 0.446 ms - 1101","service":"user-service","timestamp":"2026-06-24 21:15:57"}
{"level":"info","message":"POST /api/v1/auth/refresh 401 0.440 ms - 1101","service":"user-service","timestamp":"2026-06-24 21:15:57"}
{"level":"info","message":"POST /api/v1/auth/refresh 401 0.633 ms - 1101","service":"user-service","timestamp":"2026-06-24 21:15:57"}
{"level":"info","message":"POST /api/v1/auth/refresh 401 0.534 ms - 1101","service":"user-service","timestamp":"2026-06-24 21:15:57"}
{"level":"info","message":"POST /api/v1/auth/refresh 401 0.577 ms - 1101","service":"user-service","timestamp":"2026-06-24 21:15:57"}
{"level":"info","message":"POST /api/v1/auth/refresh 401 0.439 ms - 1101","service":"user-service","timestamp":"2026-06-24 21:15:57"}
{"level":"info","message":"POST /api/v1/auth/refresh 401 0.747 ms - 1101","service":"user-service","timestamp":"2026-06-24 21:15:57"}
{"level":"info","message":"POST /api/v1/auth/refresh 401 0.493 ms - 1101","service":"user-service","timestamp":"2026-06-24 21:15:57"}
{"level":"info","message":"POST /api/v1/auth/refresh 401 0.558 ms - 1101","service":"user-service","timestamp":"2026-06-24 21:15:57"}
{"level":"info","message":"POST /api/v1/auth/refresh 401 0.498 ms - 1101","service":"user-service","timestamp":"2026-06-24 21:15:57"}
{"level":"info","message":"POST /api/v1/auth/refresh 401 0.518 ms - 1101","service":"user-service","timestamp":"2026-06-24 21:15:57"}
{"level":"info","message":"POST /api/v1/auth/refresh 401 0.665 ms - 1101","service":"user-service","timestamp":"2026-06-24 21:15:57"}
{"level":"info","message":"POST /api/v1/auth/refresh 401 0.472 ms - 1101","service":"user-service","timestamp":"2026-06-24 21:15:58"}
{"level":"info","message":"POST /api/v1/auth/refresh 401 0.521 ms - 1101","service":"user-service","timestamp":"2026-06-24 21:15:58"}
{"level":"info","message":"POST /api/v1/auth/refresh 401 0.646 ms - 1101","service":"user-service","timestamp":"2026-06-24 21:15:58"}
{"level":"info","message":"POST /api/v1/auth/refresh 401 0.661 ms - 1101","service":"user-service","timestamp":"2026-06-24 21:15:58"}
{"level":"info","message":"POST /api/v1/auth/refresh 401 0.672 ms - 1101","service":"user-service","timestamp":"2026-06-24 21:15:58"}
{"level":"info","message":"POST /api/v1/auth/refresh 401 0.492 ms - 1101","service":"user-service","timestamp":"2026-06-24 21:15:58"}
{"level":"info","message":"POST /api/v1/auth/refresh 401 0.514 ms - 1101","service":"user-service","timestamp":"2026-06-24 21:15:58"}
{"level":"info","message":"POST /api/v1/auth/refresh 401 0.466 ms - 1101","service":"user-service","timestamp":"2026-06-24 21:15:58"}
{"level":"info","message":"POST /api/v1/auth/refresh 401 0.558 ms - 1101","service":"user-service","timestamp":"2026-06-24 21:15:58"}
{"level":"info","message":"POST /api/v1/auth/refresh 401 0.511 ms - 1101","service":"user-service","timestamp":"2026-06-24 21:15:58"}
{"level":"info","message":"POST /api/v1/auth/refresh 401 0.512 ms - 1101","service":"user-service","timestamp":"2026-06-24 21:15:58"}
{"level":"info","message":"POST /api/v1/auth/refresh 401 0.433 ms - 1101","service":"user-service","timestamp":"2026-06-24 21:15:58"}
{"level":"info","message":"POST /api/v1/auth/refresh 401 0.689 ms - 1101","service":"user-service","timestamp":"2026-06-24 21:15:58"}
{"level":"info","message":"POST /api/v1/auth/refresh 401 0.578 ms - 1101","service":"user-service","timestamp":"2026-06-24 21:15:58"}
{"level":"info","message":"POST /api/v1/auth/refresh 401 0.533 ms - 1101","service":"user-service","timestamp":"2026-06-24 21:15:58"}
{"level":"info","message":"POST /api/v1/auth/refresh 401 0.453 ms - 1101","service":"user-service","timestamp":"2026-06-24 21:15:58"}
{"level":"info","message":"POST /api/v1/auth/refresh 401 0.519 ms - 1101","service":"user-service","timestamp":"2026-06-24 21:15:58"}
{"level":"info","message":"POST /api/v1/auth/refresh 401 0.545 ms - 1101","service":"user-service","timestamp":"2026-06-24 21:15:58"}
{"level":"info","message":"POST /api/v1/auth/refresh 401 0.567 ms - 1101","service":"user-service","timestamp":"2026-06-24 21:15:58"}
{"level":"info","message":"POST /api/v1/auth/refresh 401 0.480 ms - 1101","service":"user-service","timestamp":"2026-06-24 21:15:58"}
{"level":"info","message":"POST /api/v1/auth/refresh 401 0.736 ms - 1101","service":"user-service","timestamp":"2026-06-24 21:15:58"}
{"level":"info","message":"POST /api/v1/auth/refresh 401 0.532 ms - 1101","service":"user-service","timestamp":"2026-06-24 21:15:58"}
{"level":"info","message":"POST /api/v1/auth/refresh 401 0.530 ms - 1101","service":"user-service","timestamp":"2026-06-24 21:15:58"}
{"level":"info","message":"POST /api/v1/auth/refresh 401 0.989 ms - 1101","service":"user-service","timestamp":"2026-06-24 21:15:58"}
{"level":"info","message":"POST /api/v1/auth/refresh 401 1.028 ms - 1101","service":"user-service","timestamp":"2026-06-24 21:15:58"}
{"level":"info","message":"POST /api/v1/auth/refresh 401 0.511 ms - 1101","service":"user-service","timestamp":"2026-06-24 21:15:58"}
{"level":"info","message":"POST /api/v1/auth/refresh 401 0.454 ms - 1101","service":"user-service","timestamp":"2026-06-24 21:15:59"}
{"level":"info","message":"POST /api/v1/auth/refresh 401 0.554 ms - 1101","service":"user-service","timestamp":"2026-06-24 21:15:59"}
{"level":"info","message":"POST /api/v1/auth/refresh 401 0.668 ms - 1101","service":"user-service","timestamp":"2026-06-24 21:15:59"}
{"level":"info","message":"POST /api/v1/auth/refresh 401 0.691 ms - 1101","service":"user-service","timestamp":"2026-06-24 21:15:59"}
{"level":"info","message":"POST /api/v1/auth/refresh 401 0.462 ms - 1101","service":"user-service","timestamp":"2026-06-24 21:15:59"}
{"level":"info","message":"POST /api/v1/auth/refresh 401 0.522 ms - 1101","service":"user-service","timestamp":"2026-06-24 21:15:59"}
{"level":"info","message":"GET / 304 2.554 ms - -","service":"user-service","timestamp":"2026-06-24 21:16:04"}
{"level":"info","message":"GET /globals.css 304 1.405 ms - -","service":"user-service","timestamp":"2026-06-24 21:16:05"}
{"level":"info","message":"GET /main.js 304 0.475 ms - -","service":"user-service","timestamp":"2026-06-24 21:16:05"}
{"level":"info","message":"GET /account-menu.js 304 0.731 ms - -","service":"user-service","timestamp":"2026-06-24 21:16:05"}
{"level":"info","message":"GET /auth.js 304 0.577 ms - -","service":"user-service","timestamp":"2026-06-24 21:16:05"}
{"level":"info","message":"POST /api/v1/auth/refresh 200 96.012 ms - 189","service":"user-service","timestamp":"2026-06-24 21:16:05"}
{"level":"info","message":"GET /api/v1/dictionary/categories 304 4.782 ms - -","service":"user-service","timestamp":"2026-06-24 21:16:05"}
{"level":"info","message":"GET /api/v1/dictionary/words?category=&search= 304 8.530 ms - -","service":"user-service","timestamp":"2026-06-24 21:16:05"}
{"level":"info","message":"GET /globals.css 304 0.499 ms - -","service":"user-service","timestamp":"2026-06-24 21:16:08"}
{"level":"info","message":"GET /.well-known/appspecific/com.chrome.devtools.json 404 1.307 ms - 187","service":"user-service","timestamp":"2026-06-24 21:16:08"}
